<?xml version="1.0" encoding="UTF-8"?>
<testsuite name="com.itdog.websocket.WebsocketApplicationTests" tests="1" skipped="0" failures="0" errors="0" timestamp="2022-01-26T02:29:57" hostname="Leos-MacBook-Pro.local" time="0.466">
  <properties/>
  <testcase name="contextLoads()" classname="com.itdog.websocket.WebsocketApplicationTests" time="0.466"/>
  <system-out><![CDATA[10:29:54.783 [Test worker] DEBUG org.springframework.test.context.BootstrapUtils - Instantiating CacheAwareContextLoaderDelegate from class [org.springframework.test.context.cache.DefaultCacheAwareContextLoaderDelegate]
10:29:54.793 [Test worker] DEBUG org.springframework.test.context.BootstrapUtils - Instantiating BootstrapContext using constructor [public org.springframework.test.context.support.DefaultBootstrapContext(java.lang.Class,org.springframework.test.context.CacheAwareContextLoaderDelegate)]
10:29:54.846 [Test worker] DEBUG org.springframework.test.context.BootstrapUtils - Instantiating TestContextBootstrapper for test class [com.itdog.websocket.WebsocketApplicationTests] from class [org.springframework.boot.test.context.SpringBootTestContextBootstrapper]
10:29:54.864 [Test worker] INFO org.springframework.boot.test.context.SpringBootTestContextBootstrapper - Neither @ContextConfiguration nor @ContextHierarchy found for test class [com.itdog.websocket.WebsocketApplicationTests], using SpringBootContextLoader
10:29:54.867 [Test worker] DEBUG org.springframework.test.context.support.AbstractContextLoader - Did not detect default resource location for test class [com.itdog.websocket.WebsocketApplicationTests]: class path resource [com/itdog/websocket/WebsocketApplicationTests-context.xml] does not exist
10:29:54.868 [Test worker] DEBUG org.springframework.test.context.support.AbstractContextLoader - Did not detect default resource location for test class [com.itdog.websocket.WebsocketApplicationTests]: class path resource [com/itdog/websocket/WebsocketApplicationTestsContext.groovy] does not exist
10:29:54.868 [Test worker] INFO org.springframework.test.context.support.AbstractContextLoader - Could not detect default resource locations for test class [com.itdog.websocket.WebsocketApplicationTests]: no resource found for suffixes {-context.xml, Context.groovy}.
10:29:54.869 [Test worker] INFO org.springframework.test.context.support.AnnotationConfigContextLoaderUtils - Could not detect default configuration classes for test class [com.itdog.websocket.WebsocketApplicationTests]: WebsocketApplicationTests does not declare any static, non-private, non-final, nested classes annotated with @Configuration.
10:29:54.923 [Test worker] DEBUG org.springframework.test.context.support.ActiveProfilesUtils - Could not find an 'annotation declaring class' for annotation type [org.springframework.test.context.ActiveProfiles] and class [com.itdog.websocket.WebsocketApplicationTests]
10:29:55.006 [Test worker] DEBUG org.springframework.context.annotation.ClassPathScanningCandidateComponentProvider - Identified candidate component class: file [/Users/leoleung/Documents/kotlin-tutorial/websocket/build/classes/kotlin/main/com/itdog/websocket/WebsocketApplication.class]
10:29:55.010 [Test worker] INFO org.springframework.boot.test.context.SpringBootTestContextBootstrapper - Found @SpringBootConfiguration com.itdog.websocket.WebsocketApplication for test class com.itdog.websocket.WebsocketApplicationTests
10:29:55.106 [Test worker] DEBUG org.springframework.boot.test.context.SpringBootTestContextBootstrapper - @TestExecutionListeners is not present for class [com.itdog.websocket.WebsocketApplicationTests]: using defaults.
10:29:55.107 [Test worker] INFO org.springframework.boot.test.context.SpringBootTestContextBootstrapper - Loaded default TestExecutionListener class names from location [META-INF/spring.factories]: [org.springframework.boot.test.autoconfigure.restdocs.RestDocsTestExecutionListener, org.springframework.boot.test.autoconfigure.web.client.MockRestServiceServerResetTestExecutionListener, org.springframework.boot.test.autoconfigure.web.servlet.MockMvcPrintOnlyOnFailureTestExecutionListener, org.springframework.boot.test.autoconfigure.web.servlet.WebDriverTestExecutionListener, org.springframework.boot.test.autoconfigure.webservices.client.MockWebServiceServerTestExecutionListener, org.springframework.boot.test.mock.mockito.MockitoTestExecutionListener, org.springframework.boot.test.mock.mockito.ResetMocksTestExecutionListener, org.springframework.test.context.web.ServletTestExecutionListener, org.springframework.test.context.support.DirtiesContextBeforeModesTestExecutionListener, org.springframework.test.context.event.ApplicationEventsTestExecutionListener, org.springframework.test.context.support.DependencyInjectionTestExecutionListener, org.springframework.test.context.support.DirtiesContextTestExecutionListener, org.springframework.test.context.transaction.TransactionalTestExecutionListener, org.springframework.test.context.jdbc.SqlScriptsTestExecutionListener, org.springframework.test.context.event.EventPublishingTestExecutionListener]
10:29:55.117 [Test worker] DEBUG org.springframework.boot.test.context.SpringBootTestContextBootstrapper - Skipping candidate TestExecutionListener [org.springframework.test.context.transaction.TransactionalTestExecutionListener] due to a missing dependency. Specify custom listener classes or make the default listener classes and their required dependencies available. Offending class: [org/springframework/transaction/interceptor/TransactionAttributeSource]
10:29:55.118 [Test worker] DEBUG org.springframework.boot.test.context.SpringBootTestContextBootstrapper - Skipping candidate TestExecutionListener [org.springframework.test.context.jdbc.SqlScriptsTestExecutionListener] due to a missing dependency. Specify custom listener classes or make the default listener classes and their required dependencies available. Offending class: [org/springframework/transaction/interceptor/TransactionAttribute]
10:29:55.118 [Test worker] INFO org.springframework.boot.test.context.SpringBootTestContextBootstrapper - Using TestExecutionListeners: [org.springframework.test.context.web.ServletTestExecutionListener@3b77a04f, org.springframework.test.context.support.DirtiesContextBeforeModesTestExecutionListener@7b324585, org.springframework.test.context.event.ApplicationEventsTestExecutionListener@2e11485, org.springframework.boot.test.mock.mockito.MockitoTestExecutionListener@60dce7ea, org.springframework.boot.test.autoconfigure.SpringBootDependencyInjectionTestExecutionListener@662f5666, org.springframework.test.context.support.DirtiesContextTestExecutionListener@fd8294b, org.springframework.test.context.event.EventPublishingTestExecutionListener@5974109, org.springframework.boot.test.autoconfigure.restdocs.RestDocsTestExecutionListener@27305e6, org.springframework.boot.test.autoconfigure.web.client.MockRestServiceServerResetTestExecutionListener@1ef3efa8, org.springframework.boot.test.autoconfigure.web.servlet.MockMvcPrintOnlyOnFailureTestExecutionListener@502f1f4c, org.springframework.boot.test.autoconfigure.web.servlet.WebDriverTestExecutionListener@6f8f9349, org.springframework.boot.test.autoconfigure.webservices.client.MockWebServiceServerTestExecutionListener@75c9e76b, org.springframework.boot.test.mock.mockito.ResetMocksTestExecutionListener@7446d8d5]
10:29:55.124 [Test worker] DEBUG org.springframework.test.context.support.AbstractDirtiesContextTestExecutionListener - Before test class: context [DefaultTestContext@4cc6fa2a testClass = WebsocketApplicationTests, testInstance = [null], testMethod = [null], testException = [null], mergedContextConfiguration = [WebMergedContextConfiguration@40f1be1b testClass = WebsocketApplicationTests, locations = '{}', classes = '{class com.itdog.websocket.WebsocketApplication}', contextInitializerClasses = '[]', activeProfiles = '{}', propertySourceLocations = '{}', propertySourceProperties = '{org.springframework.boot.test.context.SpringBootTestContextBootstrapper=true}', contextCustomizers = set[org.springframework.boot.test.autoconfigure.actuate.metrics.MetricsExportContextCustomizerFactory$DisableMetricExportContextCustomizer@ae3540e, org.springframework.boot.test.autoconfigure.properties.PropertyMappingContextCustomizer@0, org.springframework.boot.test.autoconfigure.web.servlet.WebDriverContextCustomizerFactory$Customizer@2e48362c, org.springframework.boot.test.context.filter.ExcludeFilterContextCustomizer@7e5c856f, org.springframework.boot.test.json.DuplicateJsonObjectContextCustomizerFactory$DuplicateJsonObjectContextCustomizer@1b75c2e3, org.springframework.boot.test.mock.mockito.MockitoContextCustomizer@0, org.springframework.boot.test.web.client.TestRestTemplateContextCustomizer@2421cc4, org.springframework.boot.test.context.SpringBootTestArgs@1, org.springframework.boot.test.context.SpringBootTestWebEnvironment@6a2f6f80], resourceBasePath = 'src/main/webapp', contextLoader = 'org.springframework.boot.test.context.SpringBootContextLoader', parent = [null]], attributes = map['org.springframework.test.context.web.ServletTestExecutionListener.activateListener' -> true]], class annotated with @DirtiesContext [false] with mode [null].

  .   ____          _            __ _ _
 /\\ / ___'_ __ _ _(_)_ __  __ _ \ \ \ \
( ( )\___ | '_ | '_| | '_ \/ _` | \ \ \ \
 \\/  ___)| |_)| | | | | || (_| |  ) ) ) )
  '  |____| .__|_| |_|_| |_\__, | / / / /
 =========|_|==============|___/=/_/_/_/
 :: Spring Boot ::                (v2.6.3)

2022-01-26 10:29:55.560  INFO 1820 --- [    Test worker] c.i.websocket.WebsocketApplicationTests  : Starting WebsocketApplicationTests using Java 17.0.2 on Leos-MacBook-Pro.local with PID 1820 (started by leoleung in /Users/leoleung/Documents/kotlin-tutorial/websocket)
2022-01-26 10:29:55.563  INFO 1820 --- [    Test worker] c.i.websocket.WebsocketApplicationTests  : No active profile set, falling back to default profiles: default
2022-01-26 10:29:57.937  INFO 1820 --- [    Test worker] c.i.websocket.WebsocketApplicationTests  : Started WebsocketApplicationTests in 2.752 seconds (JVM running for 4.17)
]]></system-out>
  <system-err><![CDATA[]]></system-err>
</testsuite>
